{"timestamp":"Wed May 26 2021 16:04:30 GMT-0300 (Brasilia Standard Time)","method":"GET","url":"/","status":304,"contentLength":"-","responseTime":9.732,"level":"info","message":"HTTP Access Log"}
{"timestamp":"Wed May 26 2021 16:04:30 GMT-0300 (Brasilia Standard Time)","method":"GET","url":"/swagger-ui-init.js","status":200,"contentLength":"14917","responseTime":1.664,"level":"info","message":"HTTP Access Log"}
{"timestamp":"Wed May 26 2021 16:04:30 GMT-0300 (Brasilia Standard Time)","method":"GET","url":"/swagger-ui.css","status":304,"contentLength":"-","responseTime":15.506,"level":"info","message":"HTTP Access Log"}
{"timestamp":"Wed May 26 2021 16:04:30 GMT-0300 (Brasilia Standard Time)","method":"GET","url":"/swagger-ui-bundle.js","status":304,"contentLength":"-","responseTime":15.573,"level":"info","message":"HTTP Access Log"}
{"timestamp":"Wed May 26 2021 16:04:30 GMT-0300 (Brasilia Standard Time)","method":"GET","url":"/swagger-ui-standalone-preset.js","status":304,"contentLength":"-","responseTime":29.776,"level":"info","message":"HTTP Access Log"}
{"timestamp":"Wed May 26 2021 16:04:30 GMT-0300 (Brasilia Standard Time)","method":"GET","url":"/favicon-32x32.png","status":null,"contentLength":"-","responseTime":null,"level":"info","message":"HTTP Access Log"}
{"timestamp":"Wed May 26 2021 16:04:39 GMT-0300 (Brasilia Standard Time)","method":"POST","url":"/boom","status":200,"contentLength":"54","responseTime":1.656,"level":"info","message":"HTTP Access Log"}
{"timestamp":"Wed May 26 2021 16:05:23 GMT-0300 (Brasilia Standard Time)","method":"GET","url":"/","status":304,"contentLength":"-","responseTime":2.843,"level":"info","message":"HTTP Access Log"}
{"timestamp":"Wed May 26 2021 16:05:23 GMT-0300 (Brasilia Standard Time)","method":"GET","url":"/swagger-ui.css","status":304,"contentLength":"-","responseTime":5.098,"level":"info","message":"HTTP Access Log"}
{"timestamp":"Wed May 26 2021 16:05:23 GMT-0300 (Brasilia Standard Time)","method":"GET","url":"/swagger-ui-init.js","status":304,"contentLength":"-","responseTime":2.535,"level":"info","message":"HTTP Access Log"}
{"timestamp":"Wed May 26 2021 16:05:23 GMT-0300 (Brasilia Standard Time)","method":"GET","url":"/swagger-ui-standalone-preset.js","status":304,"contentLength":"-","responseTime":15.475,"level":"info","message":"HTTP Access Log"}
{"timestamp":"Wed May 26 2021 16:05:23 GMT-0300 (Brasilia Standard Time)","method":"GET","url":"/swagger-ui-bundle.js","status":304,"contentLength":"-","responseTime":18.996,"level":"info","message":"HTTP Access Log"}
{"timestamp":"Wed May 26 2021 16:05:37 GMT-0300 (Brasilia Standard Time)","method":"POST","url":"/boom","status":200,"contentLength":"3104","responseTime":5.425,"level":"info","message":"HTTP Access Log"}
{"timestamp":"Wed May 26 2021 16:07:06 GMT-0300 (Brasilia Standard Time)","method":"POST","url":"/boom","status":200,"contentLength":"3104","responseTime":4.042,"level":"info","message":"HTTP Access Log"}
{"timestamp":"Wed May 26 2021 16:07:11 GMT-0300 (Brasilia Standard Time)","method":"POST","url":"/boom","status":200,"contentLength":"3104","responseTime":1.312,"level":"info","message":"HTTP Access Log"}
{"timestamp":"Wed May 26 2021 16:07:18 GMT-0300 (Brasilia Standard Time)","method":"GET","url":"/boom","status":200,"contentLength":"3104","responseTime":4.395,"level":"info","message":"HTTP Access Log"}
{"timestamp":"Wed May 26 2021 16:07:18 GMT-0300 (Brasilia Standard Time)","method":"GET","url":"/swagger-ui.css","status":304,"contentLength":"-","responseTime":4.371,"level":"info","message":"HTTP Access Log"}
{"timestamp":"Wed May 26 2021 16:07:18 GMT-0300 (Brasilia Standard Time)","method":"GET","url":"/swagger-ui-bundle.js","status":304,"contentLength":"-","responseTime":8.716,"level":"info","message":"HTTP Access Log"}
{"timestamp":"Wed May 26 2021 16:07:18 GMT-0300 (Brasilia Standard Time)","method":"GET","url":"/swagger-ui-init.js","status":304,"contentLength":"-","responseTime":0.695,"level":"info","message":"HTTP Access Log"}
{"timestamp":"Wed May 26 2021 16:07:18 GMT-0300 (Brasilia Standard Time)","method":"GET","url":"/swagger-ui-standalone-preset.js","status":304,"contentLength":"-","responseTime":7.444,"level":"info","message":"HTTP Access Log"}
{"timestamp":"Wed May 26 2021 16:08:14 GMT-0300 (Brasilia Standard Time)","method":"POST","url":"/boom","status":200,"contentLength":"3104","responseTime":4.088,"level":"info","message":"HTTP Access Log"}
{"timestamp":"Wed May 26 2021 16:08:18 GMT-0300 (Brasilia Standard Time)","method":"GET","url":"/","status":200,"contentLength":"3104","responseTime":7.055,"level":"info","message":"HTTP Access Log"}
{"timestamp":"Wed May 26 2021 16:08:18 GMT-0300 (Brasilia Standard Time)","method":"GET","url":"/swagger-ui-init.js","status":200,"contentLength":"14917","responseTime":1.064,"level":"info","message":"HTTP Access Log"}
{"timestamp":"Wed May 26 2021 16:08:18 GMT-0300 (Brasilia Standard Time)","method":"GET","url":"/swagger-ui.css","status":200,"contentLength":"141841","responseTime":13.587,"level":"info","message":"HTTP Access Log"}
{"timestamp":"Wed May 26 2021 16:08:18 GMT-0300 (Brasilia Standard Time)","method":"GET","url":"/swagger-ui-standalone-preset.js","status":200,"contentLength":"307009","responseTime":23.915,"level":"info","message":"HTTP Access Log"}
{"timestamp":"Wed May 26 2021 16:08:18 GMT-0300 (Brasilia Standard Time)","method":"GET","url":"/swagger-ui-bundle.js","status":200,"contentLength":"984506","responseTime":12.355,"level":"info","message":"HTTP Access Log"}
{"timestamp":"Wed May 26 2021 16:08:18 GMT-0300 (Brasilia Standard Time)","method":"GET","url":"/favicon-32x32.png","status":200,"contentLength":"628","responseTime":1.451,"level":"info","message":"HTTP Access Log"}
{"timestamp":"Wed May 26 2021 16:08:21 GMT-0300 (Brasilia Standard Time)","method":"POST","url":"/boom","status":200,"contentLength":"3104","responseTime":1.176,"level":"info","message":"HTTP Access Log"}
{"timestamp":"Wed May 26 2021 16:08:57 GMT-0300 (Brasilia Standard Time)","method":"GET","url":"/","status":200,"contentLength":"3104","responseTime":10.362,"level":"info","message":"HTTP Access Log"}
{"timestamp":"Wed May 26 2021 16:08:57 GMT-0300 (Brasilia Standard Time)","method":"GET","url":"/swagger-ui-init.js","status":200,"contentLength":"14916","responseTime":1.346,"level":"info","message":"HTTP Access Log"}
{"timestamp":"Wed May 26 2021 16:08:57 GMT-0300 (Brasilia Standard Time)","method":"GET","url":"/swagger-ui.css","status":200,"contentLength":"141841","responseTime":15.306,"level":"info","message":"HTTP Access Log"}
{"timestamp":"Wed May 26 2021 16:08:57 GMT-0300 (Brasilia Standard Time)","method":"GET","url":"/swagger-ui-standalone-preset.js","status":200,"contentLength":"307009","responseTime":13.072,"level":"info","message":"HTTP Access Log"}
{"timestamp":"Wed May 26 2021 16:08:57 GMT-0300 (Brasilia Standard Time)","method":"GET","url":"/swagger-ui-bundle.js","status":200,"contentLength":"984506","responseTime":14.127,"level":"info","message":"HTTP Access Log"}
{"timestamp":"Wed May 26 2021 16:08:57 GMT-0300 (Brasilia Standard Time)","method":"GET","url":"/favicon-32x32.png","status":200,"contentLength":"628","responseTime":1.515,"level":"info","message":"HTTP Access Log"}
{"timestamp":"Wed May 26 2021 16:09:01 GMT-0300 (Brasilia Standard Time)","method":"GET","url":"/boom","status":500,"contentLength":"6","responseTime":12.028,"level":"info","message":"HTTP Access Log"}
{"timestamp":"Wed May 26 2021 17:10:42 GMT-0300 (Brasilia Standard Time)","method":"GET","url":"/boom","status":500,"contentLength":"6","responseTime":6.059,"level":"error","message":"HTTP Access Log"}
{"timestamp":"Wed May 26 2021 17:11:02 GMT-0300 (Brasilia Standard Time)","method":"POST","url":"/login","status":401,"contentLength":"-","responseTime":20.098,"level":"info","message":"HTTP Access Log"}
{"timestamp":"Wed May 26 2021 18:03:11 GMT-0300 (Brasilia Standard Time)","method":"POST","url":"/login","status":401,"contentLength":"-","responseTime":21.675,"level":"info","message":"HTTP Access Log"}
{"timestamp":"Wed May 26 2021 18:03:46 GMT-0300 (Brasilia Standard Time)","method":"GET","url":"/boom","status":500,"contentLength":"6","responseTime":3.232,"level":"error","message":"HTTP Access Log"}
{"timestamp":"Wed May 26 2021 18:17:37 GMT-0300 (Brasilia Standard Time)","method":"GET","url":"/boom","status":500,"contentLength":"6","responseTime":4.886,"level":"error","message":"HTTP Access Log"}
{"timestamp":"Wed May 26 2021 18:21:30 GMT-0300 (Brasilia Standard Time)","method":"GET","url":"/boom","status":500,"contentLength":"49","responseTime":3.449,"level":"error","message":"HTTP Access Log"}
{"timestamp":"Wed May 26 2021 18:22:05 GMT-0300 (Brasilia Standard Time)","method":"GET","url":"/boom","status":500,"contentLength":"49","responseTime":2.922,"level":"error","message":"HTTP Access Log"}
{"timestamp":"Wed May 26 2021 18:23:16 GMT-0300 (Brasilia Standard Time)","method":"GET","url":"/boom","status":500,"contentLength":"6","responseTime":4.38,"level":"error","message":"HTTP Access Log"}
{"timestamp":"Wed May 26 2021 18:23:38 GMT-0300 (Brasilia Standard Time)","method":"GET","url":"/farms","status":401,"contentLength":"-","responseTime":1.297,"level":"info","message":"HTTP Access Log"}
{"timestamp":"Wed May 26 2021 18:23:39 GMT-0300 (Brasilia Standard Time)","method":"GET","url":"/farms","status":401,"contentLength":"-","responseTime":0.891,"level":"info","message":"HTTP Access Log"}
{"timestamp":"Wed May 26 2021 18:23:47 GMT-0300 (Brasilia Standard Time)","method":"POST","url":"/login","status":401,"contentLength":"-","responseTime":21.465,"level":"info","message":"HTTP Access Log"}
{"timestamp":"Wed May 26 2021 18:23:56 GMT-0300 (Brasilia Standard Time)","method":"POST","url":"/login","status":200,"contentLength":"54","responseTime":1.441,"level":"info","message":"HTTP Access Log"}
{"timestamp":"Thu May 27 2021 13:57:16 GMT-0300 (Brasilia Standard Time)","method":"GET","url":"/","status":200,"contentLength":"3104","responseTime":6.868,"level":"info","message":"HTTP Access Log"}
{"timestamp":"Thu May 27 2021 13:57:16 GMT-0300 (Brasilia Standard Time)","method":"GET","url":"/swagger-ui-init.js","status":200,"contentLength":"14916","responseTime":0.889,"level":"info","message":"HTTP Access Log"}
{"timestamp":"Thu May 27 2021 13:57:16 GMT-0300 (Brasilia Standard Time)","method":"GET","url":"/swagger-ui-standalone-preset.js","status":200,"contentLength":"307009","responseTime":11.124,"level":"info","message":"HTTP Access Log"}
{"timestamp":"Thu May 27 2021 13:57:16 GMT-0300 (Brasilia Standard Time)","method":"GET","url":"/swagger-ui.css","status":200,"contentLength":"141841","responseTime":37.353,"level":"info","message":"HTTP Access Log"}
{"timestamp":"Thu May 27 2021 13:57:16 GMT-0300 (Brasilia Standard Time)","method":"GET","url":"/swagger-ui-bundle.js","status":200,"contentLength":"984506","responseTime":11.076,"level":"info","message":"HTTP Access Log"}
{"timestamp":"Thu May 27 2021 13:57:17 GMT-0300 (Brasilia Standard Time)","method":"GET","url":"/favicon-32x32.png","status":200,"contentLength":"628","responseTime":1.404,"level":"info","message":"HTTP Access Log"}
{"timestamp":"Thu May 27 2021 13:57:24 GMT-0300 (Brasilia Standard Time)","method":"GET","url":"/boom","status":500,"contentLength":"6","responseTime":0.892,"level":"error","message":"HTTP Access Log"}
{"timestamp":"Thu May 27 2021 13:57:26 GMT-0300 (Brasilia Standard Time)","method":"GET","url":"/boom","status":500,"contentLength":"6","responseTime":0.331,"level":"error","message":"HTTP Access Log"}
{"timestamp":"Thu May 27 2021 14:02:03 GMT-0300 (Brasilia Standard Time)","method":"GET","url":"/boom","status":500,"contentLength":"6","responseTime":3.664,"level":"error","message":"HTTP Access Log"}
{"timestamp":"Thu May 27 2021 14:07:29 GMT-0300 (Brasilia Standard Time)","method":"GET","url":"/boom","status":500,"contentLength":"6","responseTime":1.133,"level":"error","message":"HTTP Access Log"}
{"timestamp":"Thu May 27 2021 14:34:38 GMT-0300 (Brasilia Standard Time)","method":"GET","url":"/boom","status":500,"contentLength":"6","responseTime":0.357,"level":"error","message":"HTTP Access Log"}
{"timestamp":"Thu May 27 2021 15:02:43 GMT-0300 (Brasilia Standard Time)","method":"GET","url":"/boom","status":500,"contentLength":"6","responseTime":0.767,"level":"error","message":"HTTP Access Log"}
{"timestamp":"Thu May 27 2021 15:04:39 GMT-0300 (Brasilia Standard Time)","method":"GET","url":"/boom","status":500,"contentLength":"6","responseTime":0.573,"level":"error","message":"HTTP Access Log"}
{"timestamp":"Thu May 27 2021 15:04:40 GMT-0300 (Brasilia Standard Time)","method":"GET","url":"/boom","status":500,"contentLength":"6","responseTime":0.475,"level":"error","message":"HTTP Access Log"}
{"timestamp":"Thu May 27 2021 15:04:41 GMT-0300 (Brasilia Standard Time)","method":"GET","url":"/boom","status":500,"contentLength":"6","responseTime":0.369,"level":"error","message":"HTTP Access Log"}
{"timestamp":"Thu May 27 2021 15:04:42 GMT-0300 (Brasilia Standard Time)","method":"GET","url":"/boom","status":500,"contentLength":"6","responseTime":0.388,"level":"error","message":"HTTP Access Log"}
{"timestamp":"Thu May 27 2021 15:04:42 GMT-0300 (Brasilia Standard Time)","method":"GET","url":"/boom","status":500,"contentLength":"6","responseTime":0.488,"level":"error","message":"HTTP Access Log"}
{"timestamp":"Thu May 27 2021 15:04:42 GMT-0300 (Brasilia Standard Time)","method":"GET","url":"/boom","status":500,"contentLength":"6","responseTime":0.643,"level":"error","message":"HTTP Access Log"}
{"timestamp":"Thu May 27 2021 16:12:12 GMT-0300 (Brasilia Standard Time)","method":"GET","url":"/boom","status":500,"contentLength":"6","responseTime":4.835,"level":"error","message":"HTTP Access Log"}
{"timestamp":"Thu May 27 2021 16:12:13 GMT-0300 (Brasilia Standard Time)","method":"GET","url":"/boom","status":500,"contentLength":"6","responseTime":0.42,"level":"error","message":"HTTP Access Log"}
{"timestamp":"Thu May 27 2021 16:12:13 GMT-0300 (Brasilia Standard Time)","method":"GET","url":"/boom","status":500,"contentLength":"6","responseTime":0.387,"level":"error","message":"HTTP Access Log"}
{"timestamp":"Thu May 27 2021 16:26:22 GMT-0300 (Brasilia Standard Time)","method":"GET","url":"/boom","status":500,"contentLength":"6","responseTime":0.651,"level":"error","message":"HTTP Access Log"}
{"timestamp":"Thu May 27 2021 16:26:23 GMT-0300 (Brasilia Standard Time)","method":"GET","url":"/boom","status":500,"contentLength":"6","responseTime":0.364,"level":"error","message":"HTTP Access Log"}
{"timestamp":"Thu May 27 2021 16:26:24 GMT-0300 (Brasilia Standard Time)","method":"GET","url":"/boom","status":500,"contentLength":"6","responseTime":0.484,"level":"error","message":"HTTP Access Log"}
{"timestamp":"Thu May 27 2021 16:30:58 GMT-0300 (Brasilia Standard Time)","method":"GET","url":"/boom","status":500,"contentLength":"6","responseTime":0.72,"level":"error","message":"HTTP Access Log"}
{"timestamp":"Thu May 27 2021 16:30:59 GMT-0300 (Brasilia Standard Time)","method":"GET","url":"/boom","status":500,"contentLength":"6","responseTime":0.419,"level":"error","message":"HTTP Access Log"}
{"timestamp":"Thu May 27 2021 16:33:59 GMT-0300 (Brasilia Standard Time)","method":"GET","url":"/boom","status":500,"contentLength":"6","responseTime":0.325,"level":"error","message":"HTTP Access Log"}
{"timestamp":"Thu May 27 2021 16:34:09 GMT-0300 (Brasilia Standard Time)","method":"POST","url":"/login","status":500,"contentLength":"66","responseTime":4.421,"level":"error","message":"HTTP Access Log"}
{"timestamp":"Thu May 27 2021 16:34:10 GMT-0300 (Brasilia Standard Time)","method":"POST","url":"/login","status":500,"contentLength":"66","responseTime":1.685,"level":"error","message":"HTTP Access Log"}
{"timestamp":"Thu May 27 2021 16:34:11 GMT-0300 (Brasilia Standard Time)","method":"POST","url":"/login","status":500,"contentLength":"66","responseTime":3.994,"level":"error","message":"HTTP Access Log"}
{"timestamp":"Thu May 27 2021 18:22:12 GMT-0300 (Brasilia Standard Time)","method":"GET","url":"/","status":304,"contentLength":"-","responseTime":4.688,"level":"info","message":"HTTP Access Log"}
{"timestamp":"Thu May 27 2021 18:22:12 GMT-0300 (Brasilia Standard Time)","method":"GET","url":"/swagger-ui-init.js","status":200,"contentLength":"15059","responseTime":0.95,"level":"info","message":"HTTP Access Log"}
{"timestamp":"Thu May 27 2021 18:22:12 GMT-0300 (Brasilia Standard Time)","method":"GET","url":"/swagger-ui-bundle.js","status":304,"contentLength":"-","responseTime":1.385,"level":"info","message":"HTTP Access Log"}
{"timestamp":"Thu May 27 2021 18:22:12 GMT-0300 (Brasilia Standard Time)","method":"GET","url":"/swagger-ui-standalone-preset.js","status":304,"contentLength":"-","responseTime":13.667,"level":"info","message":"HTTP Access Log"}
{"timestamp":"Thu May 27 2021 18:22:12 GMT-0300 (Brasilia Standard Time)","method":"GET","url":"/swagger-ui.css","status":200,"contentLength":"141841","responseTime":29.942,"level":"info","message":"HTTP Access Log"}
{"timestamp":"Thu May 27 2021 18:22:12 GMT-0300 (Brasilia Standard Time)","method":"GET","url":"/favicon-32x32.png","status":null,"contentLength":"-","responseTime":null,"level":"info","message":"HTTP Access Log"}
{"timestamp":"Thu May 27 2021 18:27:33 GMT-0300 (Brasilia Standard Time)","method":"GET","url":"/","status":200,"contentLength":"3104","responseTime":5.316,"level":"info","message":"HTTP Access Log"}
{"timestamp":"Thu May 27 2021 18:27:33 GMT-0300 (Brasilia Standard Time)","method":"GET","url":"/swagger-ui-init.js","status":200,"contentLength":"15639","responseTime":0.558,"level":"info","message":"HTTP Access Log"}
{"timestamp":"Thu May 27 2021 18:27:33 GMT-0300 (Brasilia Standard Time)","method":"GET","url":"/swagger-ui.css","status":200,"contentLength":"141841","responseTime":9.981,"level":"info","message":"HTTP Access Log"}
{"timestamp":"Thu May 27 2021 18:27:33 GMT-0300 (Brasilia Standard Time)","method":"GET","url":"/swagger-ui-standalone-preset.js","status":200,"contentLength":"307009","responseTime":8.225,"level":"info","message":"HTTP Access Log"}
{"timestamp":"Thu May 27 2021 18:27:33 GMT-0300 (Brasilia Standard Time)","method":"GET","url":"/swagger-ui-bundle.js","status":200,"contentLength":"984506","responseTime":8.783,"level":"info","message":"HTTP Access Log"}
{"timestamp":"Thu May 27 2021 18:27:33 GMT-0300 (Brasilia Standard Time)","method":"GET","url":"/favicon-32x32.png","status":200,"contentLength":"628","responseTime":1.909,"level":"info","message":"HTTP Access Log"}
{"timestamp":"Thu May 27 2021 18:27:45 GMT-0300 (Brasilia Standard Time)","method":"GET","url":"/test_auth","status":200,"contentLength":"54","responseTime":1.255,"level":"info","message":"HTTP Access Log"}
{"timestamp":"Thu May 27 2021 18:28:16 GMT-0300 (Brasilia Standard Time)","method":"GET","url":"/test_auth","status":200,"contentLength":"3104","responseTime":6.995,"level":"info","message":"HTTP Access Log"}
{"timestamp":"Thu May 27 2021 18:29:53 GMT-0300 (Brasilia Standard Time)","method":"GET","url":"/test_auth","status":200,"contentLength":"7","responseTime":2.913,"level":"info","message":"HTTP Access Log"}
{"error":{},"level":"error","message":"uncaughtException: routes is not defined\nReferenceError: routes is not defined\n    at Object.<anonymous> (C:\\_projetos\\nodejs-clean-architeture\\nodejs-ca-multitenant\\server\\drivers\\webserver\\server.js:58:9)\n    at Module._compile (internal/modules/cjs/loader.js:778:30)\n    at Object.Module._extensions..js (internal/modules/cjs/loader.js:789:10)\n    at Module.load (internal/modules/cjs/loader.js:653:32)\n    at tryModuleLoad (internal/modules/cjs/loader.js:593:12)\n    at Function.Module._load (internal/modules/cjs/loader.js:585:3)\n    at Function.Module.runMain (internal/modules/cjs/loader.js:831:12)\n    at startup (internal/bootstrap/node.js:283:19)\n    at bootstrapNodeJSCore (internal/bootstrap/node.js:623:3)","stack":"ReferenceError: routes is not defined\n    at Object.<anonymous> (C:\\_projetos\\nodejs-clean-architeture\\nodejs-ca-multitenant\\server\\drivers\\webserver\\server.js:58:9)\n    at Module._compile (internal/modules/cjs/loader.js:778:30)\n    at Object.Module._extensions..js (internal/modules/cjs/loader.js:789:10)\n    at Module.load (internal/modules/cjs/loader.js:653:32)\n    at tryModuleLoad (internal/modules/cjs/loader.js:593:12)\n    at Function.Module._load (internal/modules/cjs/loader.js:585:3)\n    at Function.Module.runMain (internal/modules/cjs/loader.js:831:12)\n    at startup (internal/bootstrap/node.js:283:19)\n    at bootstrapNodeJSCore (internal/bootstrap/node.js:623:3)","exception":true,"date":"Fri May 28 2021 11:24:01 GMT-0300 (Brasilia Standard Time)","process":{"pid":3684,"uid":null,"gid":null,"cwd":"C:\\_projetos\\nodejs-clean-architeture\\nodejs-ca-multitenant\\server\\drivers\\webserver","execPath":"C:\\Program Files\\nodejs\\node.exe","version":"v10.23.0","argv":["C:\\Program Files\\nodejs\\node.exe","C:\\_projetos\\nodejs-clean-architeture\\nodejs-ca-multitenant\\server\\drivers\\webserver\\server.js"],"memoryUsage":{"rss":39374848,"heapTotal":24363008,"heapUsed":14132080,"external":142327}},"os":{"loadavg":[0,0,0],"uptime":82538},"trace":[{"column":9,"file":"C:\\_projetos\\nodejs-clean-architeture\\nodejs-ca-multitenant\\server\\drivers\\webserver\\server.js","function":null,"line":58,"method":null,"native":false},{"column":30,"file":"internal/modules/cjs/loader.js","function":"Module._compile","line":778,"method":"_compile","native":false},{"column":10,"file":"internal/modules/cjs/loader.js","function":"Module._extensions..js","line":789,"method":".js","native":false},{"column":32,"file":"internal/modules/cjs/loader.js","function":"Module.load","line":653,"method":"load","native":false},{"column":12,"file":"internal/modules/cjs/loader.js","function":"tryModuleLoad","line":593,"method":null,"native":false},{"column":3,"file":"internal/modules/cjs/loader.js","function":"Module._load","line":585,"method":"_load","native":false},{"column":12,"file":"internal/modules/cjs/loader.js","function":"Module.runMain","line":831,"method":"runMain","native":false},{"column":19,"file":"internal/bootstrap/node.js","function":"startup","line":283,"method":null,"native":false},{"column":3,"file":"internal/bootstrap/node.js","function":"bootstrapNodeJSCore","line":623,"method":null,"native":false}]}
{"error":{},"level":"error","message":"uncaughtException: zica is not defined\nReferenceError: zica is not defined\n    at Object.<anonymous> (C:\\_projetos\\nodejs-clean-architeture\\nodejs-ca-multitenant\\server\\drivers\\webserver\\server.js:34:9)\n    at Module._compile (internal/modules/cjs/loader.js:778:30)\n    at Object.Module._extensions..js (internal/modules/cjs/loader.js:789:10)\n    at Module.load (internal/modules/cjs/loader.js:653:32)\n    at tryModuleLoad (internal/modules/cjs/loader.js:593:12)\n    at Function.Module._load (internal/modules/cjs/loader.js:585:3)\n    at Function.Module.runMain (internal/modules/cjs/loader.js:831:12)\n    at startup (internal/bootstrap/node.js:283:19)\n    at bootstrapNodeJSCore (internal/bootstrap/node.js:623:3)","stack":"ReferenceError: zica is not defined\n    at Object.<anonymous> (C:\\_projetos\\nodejs-clean-architeture\\nodejs-ca-multitenant\\server\\drivers\\webserver\\server.js:34:9)\n    at Module._compile (internal/modules/cjs/loader.js:778:30)\n    at Object.Module._extensions..js (internal/modules/cjs/loader.js:789:10)\n    at Module.load (internal/modules/cjs/loader.js:653:32)\n    at tryModuleLoad (internal/modules/cjs/loader.js:593:12)\n    at Function.Module._load (internal/modules/cjs/loader.js:585:3)\n    at Function.Module.runMain (internal/modules/cjs/loader.js:831:12)\n    at startup (internal/bootstrap/node.js:283:19)\n    at bootstrapNodeJSCore (internal/bootstrap/node.js:623:3)","exception":true,"date":"Fri May 28 2021 11:24:48 GMT-0300 (Brasilia Standard Time)","process":{"pid":20184,"uid":null,"gid":null,"cwd":"C:\\_projetos\\nodejs-clean-architeture\\nodejs-ca-multitenant\\server\\drivers\\webserver","execPath":"C:\\Program Files\\nodejs\\node.exe","version":"v10.23.0","argv":["C:\\Program Files\\nodejs\\node.exe","C:\\_projetos\\nodejs-clean-architeture\\nodejs-ca-multitenant\\server\\drivers\\webserver\\server.js"],"memoryUsage":{"rss":57909248,"heapTotal":39632896,"heapUsed":20887840,"external":125657}},"os":{"loadavg":[0,0,0],"uptime":82584},"trace":[{"column":9,"file":"C:\\_projetos\\nodejs-clean-architeture\\nodejs-ca-multitenant\\server\\drivers\\webserver\\server.js","function":null,"line":34,"method":null,"native":false},{"column":30,"file":"internal/modules/cjs/loader.js","function":"Module._compile","line":778,"method":"_compile","native":false},{"column":10,"file":"internal/modules/cjs/loader.js","function":"Module._extensions..js","line":789,"method":".js","native":false},{"column":32,"file":"internal/modules/cjs/loader.js","function":"Module.load","line":653,"method":"load","native":false},{"column":12,"file":"internal/modules/cjs/loader.js","function":"tryModuleLoad","line":593,"method":null,"native":false},{"column":3,"file":"internal/modules/cjs/loader.js","function":"Module._load","line":585,"method":"_load","native":false},{"column":12,"file":"internal/modules/cjs/loader.js","function":"Module.runMain","line":831,"method":"runMain","native":false},{"column":19,"file":"internal/bootstrap/node.js","function":"startup","line":283,"method":null,"native":false},{"column":3,"file":"internal/bootstrap/node.js","function":"bootstrapNodeJSCore","line":623,"method":null,"native":false}]}
{"timestamp":"Fri May 28 2021 11:31:50 GMT-0300 (Brasilia Standard Time)","method":"GET","url":"/test_auth","status":403,"contentLength":"-","responseTime":2.435,"level":"info","message":"HTTP Access Log"}
{"timestamp":"Fri May 28 2021 11:38:54 GMT-0300 (Brasilia Standard Time)","method":"GET","url":"/","status":304,"contentLength":"-","responseTime":4.301,"level":"info","message":"HTTP Access Log"}
{"timestamp":"Fri May 28 2021 11:38:54 GMT-0300 (Brasilia Standard Time)","method":"GET","url":"/swagger-ui-init.js","status":200,"contentLength":"15700","responseTime":0.788,"level":"info","message":"HTTP Access Log"}
{"timestamp":"Fri May 28 2021 11:38:54 GMT-0300 (Brasilia Standard Time)","method":"GET","url":"/swagger-ui.css","status":304,"contentLength":"-","responseTime":8.783,"level":"info","message":"HTTP Access Log"}
{"timestamp":"Fri May 28 2021 11:38:54 GMT-0300 (Brasilia Standard Time)","method":"GET","url":"/swagger-ui-bundle.js","status":304,"contentLength":"-","responseTime":5.873,"level":"info","message":"HTTP Access Log"}
{"timestamp":"Fri May 28 2021 11:38:54 GMT-0300 (Brasilia Standard Time)","method":"GET","url":"/swagger-ui-standalone-preset.js","status":304,"contentLength":"-","responseTime":4.829,"level":"info","message":"HTTP Access Log"}
{"timestamp":"Fri May 28 2021 11:38:54 GMT-0300 (Brasilia Standard Time)","method":"GET","url":"/favicon-32x32.png","status":null,"contentLength":"-","responseTime":null,"level":"info","message":"HTTP Access Log"}
{"timestamp":"Fri May 28 2021 11:38:58 GMT-0300 (Brasilia Standard Time)","method":"GET","url":"/test_auth","status":403,"contentLength":"-","responseTime":0.358,"level":"info","message":"HTTP Access Log"}
{"timestamp":"Fri May 28 2021 11:45:04 GMT-0300 (Brasilia Standard Time)","method":"GET","url":"/","status":304,"contentLength":"-","responseTime":5.043,"level":"info","message":"HTTP Access Log"}
{"timestamp":"Fri May 28 2021 11:45:04 GMT-0300 (Brasilia Standard Time)","method":"GET","url":"/swagger-ui-init.js","status":200,"contentLength":"15794","responseTime":0.904,"level":"info","message":"HTTP Access Log"}
{"timestamp":"Fri May 28 2021 11:45:04 GMT-0300 (Brasilia Standard Time)","method":"GET","url":"/swagger-ui.css","status":304,"contentLength":"-","responseTime":7.43,"level":"info","message":"HTTP Access Log"}
{"timestamp":"Fri May 28 2021 11:45:04 GMT-0300 (Brasilia Standard Time)","method":"GET","url":"/swagger-ui-bundle.js","status":304,"contentLength":"-","responseTime":6.322,"level":"info","message":"HTTP Access Log"}
{"timestamp":"Fri May 28 2021 11:45:04 GMT-0300 (Brasilia Standard Time)","method":"GET","url":"/swagger-ui-standalone-preset.js","status":304,"contentLength":"-","responseTime":5.423,"level":"info","message":"HTTP Access Log"}
{"timestamp":"Fri May 28 2021 11:45:04 GMT-0300 (Brasilia Standard Time)","method":"GET","url":"/favicon-32x32.png","status":null,"contentLength":"-","responseTime":null,"level":"info","message":"HTTP Access Log"}
{"timestamp":"Fri May 28 2021 11:45:09 GMT-0300 (Brasilia Standard Time)","method":"GET","url":"/test_auth","status":403,"contentLength":"-","responseTime":0.428,"level":"info","message":"HTTP Access Log"}
{"timestamp":"Fri May 28 2021 11:46:04 GMT-0300 (Brasilia Standard Time)","method":"GET","url":"/","status":200,"contentLength":"3104","responseTime":4.642,"level":"info","message":"HTTP Access Log"}
{"timestamp":"Fri May 28 2021 11:46:04 GMT-0300 (Brasilia Standard Time)","method":"GET","url":"/swagger-ui-init.js","status":200,"contentLength":"15822","responseTime":1.039,"level":"info","message":"HTTP Access Log"}
{"timestamp":"Fri May 28 2021 11:46:04 GMT-0300 (Brasilia Standard Time)","method":"GET","url":"/swagger-ui.css","status":200,"contentLength":"141841","responseTime":27.724,"level":"info","message":"HTTP Access Log"}
{"timestamp":"Fri May 28 2021 11:46:04 GMT-0300 (Brasilia Standard Time)","method":"GET","url":"/swagger-ui-standalone-preset.js","status":200,"contentLength":"307009","responseTime":22.624,"level":"info","message":"HTTP Access Log"}
{"timestamp":"Fri May 28 2021 11:46:04 GMT-0300 (Brasilia Standard Time)","method":"GET","url":"/swagger-ui-bundle.js","status":200,"contentLength":"984506","responseTime":26.022,"level":"info","message":"HTTP Access Log"}
{"timestamp":"Fri May 28 2021 11:46:04 GMT-0300 (Brasilia Standard Time)","method":"GET","url":"/favicon-32x32.png","status":200,"contentLength":"628","responseTime":1.087,"level":"info","message":"HTTP Access Log"}
{"timestamp":"Fri May 28 2021 11:46:06 GMT-0300 (Brasilia Standard Time)","method":"GET","url":"/","status":200,"contentLength":"3104","responseTime":0.82,"level":"info","message":"HTTP Access Log"}
{"timestamp":"Fri May 28 2021 11:46:06 GMT-0300 (Brasilia Standard Time)","method":"GET","url":"/swagger-ui.css","status":200,"contentLength":"141841","responseTime":2.31,"level":"info","message":"HTTP Access Log"}
{"timestamp":"Fri May 28 2021 11:46:06 GMT-0300 (Brasilia Standard Time)","method":"GET","url":"/swagger-ui-init.js","status":200,"contentLength":"15822","responseTime":0.336,"level":"info","message":"HTTP Access Log"}
{"timestamp":"Fri May 28 2021 11:46:06 GMT-0300 (Brasilia Standard Time)","method":"GET","url":"/swagger-ui-standalone-preset.js","status":200,"contentLength":"307009","responseTime":5.054,"level":"info","message":"HTTP Access Log"}
{"timestamp":"Fri May 28 2021 11:46:06 GMT-0300 (Brasilia Standard Time)","method":"GET","url":"/swagger-ui-bundle.js","status":200,"contentLength":"984506","responseTime":5.021,"level":"info","message":"HTTP Access Log"}
{"timestamp":"Fri May 28 2021 11:46:07 GMT-0300 (Brasilia Standard Time)","method":"GET","url":"/favicon-32x32.png","status":200,"contentLength":"628","responseTime":0.843,"level":"info","message":"HTTP Access Log"}
{"timestamp":"Fri May 28 2021 11:46:07 GMT-0300 (Brasilia Standard Time)","method":"GET","url":"/","status":200,"contentLength":"3104","responseTime":1.028,"level":"info","message":"HTTP Access Log"}
{"timestamp":"Fri May 28 2021 11:46:07 GMT-0300 (Brasilia Standard Time)","method":"GET","url":"/","status":200,"contentLength":"3104","responseTime":0.834,"level":"info","message":"HTTP Access Log"}
{"timestamp":"Fri May 28 2021 11:46:07 GMT-0300 (Brasilia Standard Time)","method":"GET","url":"/swagger-ui.css","status":200,"contentLength":"141841","responseTime":1.577,"level":"info","message":"HTTP Access Log"}
{"timestamp":"Fri May 28 2021 11:46:07 GMT-0300 (Brasilia Standard Time)","method":"GET","url":"/swagger-ui-init.js","status":200,"contentLength":"15822","responseTime":0.272,"level":"info","message":"HTTP Access Log"}
{"timestamp":"Fri May 28 2021 11:46:07 GMT-0300 (Brasilia Standard Time)","method":"GET","url":"/swagger-ui-standalone-preset.js","status":200,"contentLength":"307009","responseTime":4.145,"level":"info","message":"HTTP Access Log"}
{"timestamp":"Fri May 28 2021 11:46:07 GMT-0300 (Brasilia Standard Time)","method":"GET","url":"/swagger-ui-bundle.js","status":200,"contentLength":"984506","responseTime":6.867,"level":"info","message":"HTTP Access Log"}
{"timestamp":"Fri May 28 2021 11:46:07 GMT-0300 (Brasilia Standard Time)","method":"GET","url":"/","status":200,"contentLength":"3104","responseTime":0.827,"level":"info","message":"HTTP Access Log"}
{"timestamp":"Fri May 28 2021 11:46:07 GMT-0300 (Brasilia Standard Time)","method":"GET","url":"/swagger-ui.css","status":200,"contentLength":"141841","responseTime":0.599,"level":"info","message":"HTTP Access Log"}
{"timestamp":"Fri May 28 2021 11:46:07 GMT-0300 (Brasilia Standard Time)","method":"GET","url":"/swagger-ui-init.js","status":200,"contentLength":"15822","responseTime":0.278,"level":"info","message":"HTTP Access Log"}
{"timestamp":"Fri May 28 2021 11:46:07 GMT-0300 (Brasilia Standard Time)","method":"GET","url":"/swagger-ui-standalone-preset.js","status":200,"contentLength":"307009","responseTime":3.568,"level":"info","message":"HTTP Access Log"}
{"timestamp":"Fri May 28 2021 11:46:07 GMT-0300 (Brasilia Standard Time)","method":"GET","url":"/swagger-ui-bundle.js","status":200,"contentLength":"984506","responseTime":3.148,"level":"info","message":"HTTP Access Log"}
{"timestamp":"Fri May 28 2021 11:46:07 GMT-0300 (Brasilia Standard Time)","method":"GET","url":"/","status":200,"contentLength":"3104","responseTime":0.81,"level":"info","message":"HTTP Access Log"}
{"timestamp":"Fri May 28 2021 11:46:07 GMT-0300 (Brasilia Standard Time)","method":"GET","url":"/swagger-ui.css","status":200,"contentLength":"141841","responseTime":1.88,"level":"info","message":"HTTP Access Log"}
{"timestamp":"Fri May 28 2021 11:46:07 GMT-0300 (Brasilia Standard Time)","method":"GET","url":"/swagger-ui-init.js","status":200,"contentLength":"15822","responseTime":0.641,"level":"info","message":"HTTP Access Log"}
{"timestamp":"Fri May 28 2021 11:46:07 GMT-0300 (Brasilia Standard Time)","method":"GET","url":"/swagger-ui-standalone-preset.js","status":200,"contentLength":"307009","responseTime":7.072,"level":"info","message":"HTTP Access Log"}
{"timestamp":"Fri May 28 2021 11:46:07 GMT-0300 (Brasilia Standard Time)","method":"GET","url":"/swagger-ui-bundle.js","status":200,"contentLength":"984506","responseTime":14.082,"level":"info","message":"HTTP Access Log"}
{"timestamp":"Fri May 28 2021 11:46:07 GMT-0300 (Brasilia Standard Time)","method":"GET","url":"/favicon-32x32.png","status":200,"contentLength":"628","responseTime":0.907,"level":"info","message":"HTTP Access Log"}
{"timestamp":"Fri May 28 2021 12:07:34 GMT-0300 (Brasilia Standard Time)","method":"GET","url":"/","status":304,"contentLength":"-","responseTime":4.433,"level":"info","message":"HTTP Access Log"}
{"timestamp":"Fri May 28 2021 12:07:34 GMT-0300 (Brasilia Standard Time)","method":"GET","url":"/swagger-ui-init.js","status":200,"contentLength":"16087","responseTime":0.584,"level":"info","message":"HTTP Access Log"}
{"timestamp":"Fri May 28 2021 12:07:34 GMT-0300 (Brasilia Standard Time)","method":"GET","url":"/swagger-ui.css","status":304,"contentLength":"-","responseTime":10.435,"level":"info","message":"HTTP Access Log"}
{"timestamp":"Fri May 28 2021 12:07:34 GMT-0300 (Brasilia Standard Time)","method":"GET","url":"/swagger-ui-bundle.js","status":304,"contentLength":"-","responseTime":8.75,"level":"info","message":"HTTP Access Log"}
{"timestamp":"Fri May 28 2021 12:07:34 GMT-0300 (Brasilia Standard Time)","method":"GET","url":"/swagger-ui-standalone-preset.js","status":304,"contentLength":"-","responseTime":8.082,"level":"info","message":"HTTP Access Log"}
{"timestamp":"Fri May 28 2021 12:07:34 GMT-0300 (Brasilia Standard Time)","method":"GET","url":"/favicon-32x32.png","status":null,"contentLength":"-","responseTime":null,"level":"info","message":"HTTP Access Log"}
{"timestamp":"Fri May 28 2021 12:07:44 GMT-0300 (Brasilia Standard Time)","method":"GET","url":"/oauth2-redirect.html?state=RnJpIE1heSAyOCAyMDIxIDEyOjA3OjM4IEdNVC0wMzAwIChIb3LDoXJpbyBQYWRyw6NvIGRlIEJyYXPDrWxpYSk%3D&session_state=704a5edd-6c23-4ce8-af98-84bad655b1a7&code=cf304380-0714-4945-9367-485cc952ab70.704a5edd-6c23-4ce8-af98-84bad655b1a7.81189915-3fe1-4c5b-9422-0a8e524ca69c","status":200,"contentLength":"54","responseTime":1.348,"level":"info","message":"HTTP Access Log"}
{"timestamp":"Fri May 28 2021 12:07:58 GMT-0300 (Brasilia Standard Time)","method":"GET","url":"/oauth2-redirect.html?state=RnJpIE1heSAyOCAyMDIxIDEyOjA3OjU4IEdNVC0wMzAwIChIb3LDoXJpbyBQYWRyw6NvIGRlIEJyYXPDrWxpYSk%3D&session_state=704a5edd-6c23-4ce8-af98-84bad655b1a7&code=802b8ccb-7fde-4ba8-88a1-a92ec5375343.704a5edd-6c23-4ce8-af98-84bad655b1a7.81189915-3fe1-4c5b-9422-0a8e524ca69c","status":200,"contentLength":"54","responseTime":1.161,"level":"info","message":"HTTP Access Log"}
{"timestamp":"Fri May 28 2021 12:13:54 GMT-0300 (Brasilia Standard Time)","method":"GET","url":"/","status":200,"contentLength":"3104","responseTime":4.408,"level":"info","message":"HTTP Access Log"}
{"timestamp":"Fri May 28 2021 12:13:54 GMT-0300 (Brasilia Standard Time)","method":"GET","url":"/swagger-ui-init.js","status":200,"contentLength":"16087","responseTime":0.851,"level":"info","message":"HTTP Access Log"}
{"timestamp":"Fri May 28 2021 12:13:54 GMT-0300 (Brasilia Standard Time)","method":"GET","url":"/swagger-ui.css","status":200,"contentLength":"141841","responseTime":9.358,"level":"info","message":"HTTP Access Log"}
{"timestamp":"Fri May 28 2021 12:13:54 GMT-0300 (Brasilia Standard Time)","method":"GET","url":"/swagger-ui-standalone-preset.js","status":200,"contentLength":"307009","responseTime":10.176,"level":"info","message":"HTTP Access Log"}
{"timestamp":"Fri May 28 2021 12:13:54 GMT-0300 (Brasilia Standard Time)","method":"GET","url":"/swagger-ui-bundle.js","status":200,"contentLength":"984506","responseTime":11.844,"level":"info","message":"HTTP Access Log"}
{"timestamp":"Fri May 28 2021 12:13:54 GMT-0300 (Brasilia Standard Time)","method":"GET","url":"/favicon-32x32.png","status":200,"contentLength":"628","responseTime":0.958,"level":"info","message":"HTTP Access Log"}
{"timestamp":"Fri May 28 2021 12:13:54 GMT-0300 (Brasilia Standard Time)","method":"GET","url":"/","status":200,"contentLength":"3104","responseTime":1.062,"level":"info","message":"HTTP Access Log"}
{"timestamp":"Fri May 28 2021 12:13:54 GMT-0300 (Brasilia Standard Time)","method":"GET","url":"/","status":200,"contentLength":"3104","responseTime":0.67,"level":"info","message":"HTTP Access Log"}
{"timestamp":"Fri May 28 2021 12:13:55 GMT-0300 (Brasilia Standard Time)","method":"GET","url":"/swagger-ui.css","status":200,"contentLength":"141841","responseTime":0.872,"level":"info","message":"HTTP Access Log"}
{"timestamp":"Fri May 28 2021 12:13:55 GMT-0300 (Brasilia Standard Time)","method":"GET","url":"/swagger-ui-init.js","status":200,"contentLength":"16087","responseTime":0.42,"level":"info","message":"HTTP Access Log"}
{"timestamp":"Fri May 28 2021 12:13:55 GMT-0300 (Brasilia Standard Time)","method":"GET","url":"/swagger-ui-standalone-preset.js","status":200,"contentLength":"307009","responseTime":1.559,"level":"info","message":"HTTP Access Log"}
{"timestamp":"Fri May 28 2021 12:13:55 GMT-0300 (Brasilia Standard Time)","method":"GET","url":"/swagger-ui-bundle.js","status":200,"contentLength":"984506","responseTime":2.44,"level":"info","message":"HTTP Access Log"}
{"timestamp":"Fri May 28 2021 12:13:55 GMT-0300 (Brasilia Standard Time)","method":"GET","url":"/favicon-32x32.png","status":200,"contentLength":"628","responseTime":0.892,"level":"info","message":"HTTP Access Log"}
{"timestamp":"Fri May 28 2021 12:13:59 GMT-0300 (Brasilia Standard Time)","method":"GET","url":"/oauth2-redirect.html?state=RnJpIE1heSAyOCAyMDIxIDEyOjEzOjU5IEdNVC0wMzAwIChIb3LDoXJpbyBQYWRyw6NvIGRlIEJyYXPDrWxpYSk%3D&session_state=704a5edd-6c23-4ce8-af98-84bad655b1a7&code=4f0d0acc-a611-4d8c-9574-43a804232759.704a5edd-6c23-4ce8-af98-84bad655b1a7.81189915-3fe1-4c5b-9422-0a8e524ca69c","status":200,"contentLength":"54","responseTime":1.2,"level":"info","message":"HTTP Access Log"}
{"timestamp":"Fri May 28 2021 12:14:35 GMT-0300 (Brasilia Standard Time)","method":"GET","url":"/","status":200,"contentLength":"3104","responseTime":4.746,"level":"info","message":"HTTP Access Log"}
{"timestamp":"Fri May 28 2021 12:14:35 GMT-0300 (Brasilia Standard Time)","method":"GET","url":"/swagger-ui-init.js","status":200,"contentLength":"16087","responseTime":0.535,"level":"info","message":"HTTP Access Log"}
{"timestamp":"Fri May 28 2021 12:14:35 GMT-0300 (Brasilia Standard Time)","method":"GET","url":"/swagger-ui.css","status":200,"contentLength":"141841","responseTime":10.078,"level":"info","message":"HTTP Access Log"}
{"timestamp":"Fri May 28 2021 12:14:35 GMT-0300 (Brasilia Standard Time)","method":"GET","url":"/swagger-ui-standalone-preset.js","status":200,"contentLength":"307009","responseTime":10.45,"level":"info","message":"HTTP Access Log"}
{"timestamp":"Fri May 28 2021 12:14:35 GMT-0300 (Brasilia Standard Time)","method":"GET","url":"/swagger-ui-bundle.js","status":200,"contentLength":"984506","responseTime":10.96,"level":"info","message":"HTTP Access Log"}
{"timestamp":"Fri May 28 2021 12:14:35 GMT-0300 (Brasilia Standard Time)","method":"GET","url":"/favicon-32x32.png","status":200,"contentLength":"628","responseTime":0.943,"level":"info","message":"HTTP Access Log"}
{"timestamp":"Fri May 28 2021 12:14:39 GMT-0300 (Brasilia Standard Time)","method":"GET","url":"/oauth2-redirect.html?state=RnJpIE1heSAyOCAyMDIxIDEyOjE0OjM5IEdNVC0wMzAwIChIb3LDoXJpbyBQYWRyw6NvIGRlIEJyYXPDrWxpYSk%3D&session_state=704a5edd-6c23-4ce8-af98-84bad655b1a7&code=22c30510-d39a-4020-b854-85c81bfe86c1.704a5edd-6c23-4ce8-af98-84bad655b1a7.81189915-3fe1-4c5b-9422-0a8e524ca69c","status":200,"contentLength":"54","responseTime":0.957,"level":"info","message":"HTTP Access Log"}
{"timestamp":"Fri May 28 2021 12:15:03 GMT-0300 (Brasilia Standard Time)","method":"GET","url":"/oauth2-redirect.html","status":200,"contentLength":"2431","responseTime":6.737,"level":"info","message":"HTTP Access Log"}
{"timestamp":"Fri May 28 2021 12:15:03 GMT-0300 (Brasilia Standard Time)","method":"GET","url":"/favicon.ico","status":200,"contentLength":"3104","responseTime":1.815,"level":"info","message":"HTTP Access Log"}
{"timestamp":"Fri May 28 2021 12:15:07 GMT-0300 (Brasilia Standard Time)","method":"GET","url":"/oauth2-redirect.html","status":304,"contentLength":"-","responseTime":3.373,"level":"info","message":"HTTP Access Log"}
{"timestamp":"Fri May 28 2021 12:15:14 GMT-0300 (Brasilia Standard Time)","method":"GET","url":"/oauth2-redirect.html+","status":200,"contentLength":"54","responseTime":1.254,"level":"info","message":"HTTP Access Log"}
{"timestamp":"Fri May 28 2021 12:15:21 GMT-0300 (Brasilia Standard Time)","method":"GET","url":"/oauth2-redirect.html?","status":200,"contentLength":"54","responseTime":0.577,"level":"info","message":"HTTP Access Log"}
{"timestamp":"Fri May 28 2021 12:15:35 GMT-0300 (Brasilia Standard Time)","method":"GET","url":"/oauth2-redirect.html?","status":200,"contentLength":"2431","responseTime":7.313,"level":"info","message":"HTTP Access Log"}
{"timestamp":"Fri May 28 2021 12:15:42 GMT-0300 (Brasilia Standard Time)","method":"GET","url":"/","status":200,"contentLength":"3104","responseTime":3.525,"level":"info","message":"HTTP Access Log"}
{"timestamp":"Fri May 28 2021 12:15:43 GMT-0300 (Brasilia Standard Time)","method":"GET","url":"/swagger-ui.css","status":200,"contentLength":"141841","responseTime":2.74,"level":"info","message":"HTTP Access Log"}
{"timestamp":"Fri May 28 2021 12:15:43 GMT-0300 (Brasilia Standard Time)","method":"GET","url":"/swagger-ui-init.js","status":200,"contentLength":"16087","responseTime":0.286,"level":"info","message":"HTTP Access Log"}
{"timestamp":"Fri May 28 2021 12:15:43 GMT-0300 (Brasilia Standard Time)","method":"GET","url":"/swagger-ui-standalone-preset.js","status":200,"contentLength":"307009","responseTime":3.964,"level":"info","message":"HTTP Access Log"}
{"timestamp":"Fri May 28 2021 12:15:43 GMT-0300 (Brasilia Standard Time)","method":"GET","url":"/swagger-ui-bundle.js","status":200,"contentLength":"984506","responseTime":4.925,"level":"info","message":"HTTP Access Log"}
{"timestamp":"Fri May 28 2021 12:15:43 GMT-0300 (Brasilia Standard Time)","method":"GET","url":"/favicon-32x32.png","status":200,"contentLength":"628","responseTime":0.792,"level":"info","message":"HTTP Access Log"}
{"timestamp":"Fri May 28 2021 12:15:52 GMT-0300 (Brasilia Standard Time)","method":"GET","url":"/oauth2-redirect.html?state=RnJpIE1heSAyOCAyMDIxIDEyOjE1OjUyIEdNVC0wMzAwIChIb3LDoXJpbyBQYWRyw6NvIGRlIEJyYXPDrWxpYSk%3D&session_state=704a5edd-6c23-4ce8-af98-84bad655b1a7&code=28f9f9ae-103b-4071-a13f-86b7952f23f6.704a5edd-6c23-4ce8-af98-84bad655b1a7.81189915-3fe1-4c5b-9422-0a8e524ca69c","status":200,"contentLength":"2431","responseTime":0.887,"level":"info","message":"HTTP Access Log"}
{"timestamp":"Fri May 28 2021 12:15:58 GMT-0300 (Brasilia Standard Time)","method":"GET","url":"/test_auth","status":200,"contentLength":"7","responseTime":0.699,"level":"info","message":"HTTP Access Log"}
{"timestamp":"Fri May 28 2021 12:16:18 GMT-0300 (Brasilia Standard Time)","method":"GET","url":"/test_auth","status":403,"contentLength":"-","responseTime":0.359,"level":"info","message":"HTTP Access Log"}
